2025-07-24T06:53:13: npm error Missing script: "start"
npm error
npm error Did you mean one of these?
npm error   npm star # Mark your favorite packages
npm error   npm stars # View packages marked as favorites
npm error
npm error To see a list of scripts, run:
npm error   npm run
2025-07-24T06:53:13: 2025-07-24T06:53:13: npm error A complete log of this run can be found in: /home/gacel/.npm/_logs/2025-07-24T06_53_13_275Z-debug-0.log
2025-07-24T06:53:13: npm error Missing script: "start"
npm error
npm error Did you mean one of these?
npm error   npm star # Mark your favorite packages
npm error   npm stars # View packages marked as favorites
npm error
npm error To see a list of scripts, run:
npm error   npm run
2025-07-24T06:53:13: 2025-07-24T06:53:13: npm error A complete log of this run can be found in: /home/gacel/.npm/_logs/2025-07-24T06_53_13_582Z-debug-0.log
2025-07-24T06:53:14: npm error Missing script: "start"
npm error
npm error Did you mean one of these?
npm error   npm star # Mark your favorite packages
npm error   npm stars # View packages marked as favorites
npm error
npm error To see a list of scripts, run:
npm error   npm run
2025-07-24T06:53:14: 2025-07-24T06:53:14: npm error A complete log of this run can be found in: /home/gacel/.npm/_logs/2025-07-24T06_53_13_875Z-debug-0.log
2025-07-24T06:53:14: npm error Missing script: "start"
npm error
npm error Did you mean one of these?
npm error   npm star # Mark your favorite packages
npm error   npm stars # View packages marked as favorites
npm error
npm error To see a list of scripts, run:
npm error   npm run
2025-07-24T06:53:14: 2025-07-24T06:53:14: npm error A complete log of this run can be found in: /home/gacel/.npm/_logs/2025-07-24T06_53_14_188Z-debug-0.log
2025-07-24T06:53:14: npm error Missing script: "start"
npm error
npm error Did you mean one of these?
npm error   npm star # Mark your favorite packages
npm error   npm stars # View packages marked as favorites
npm error
npm error To see a list of scripts, run:
npm error   npm run
2025-07-24T06:53:14: 2025-07-24T06:53:14: npm error A complete log of this run can be found in: /home/gacel/.npm/_logs/2025-07-24T06_53_14_504Z-debug-0.log
2025-07-24T06:53:14: npm error Missing script: "start"
npm error
npm error Did you mean one of these?
npm error   npm star # Mark your favorite packages
npm error   npm stars # View packages marked as favorites
npm error
npm error To see a list of scripts, run:
npm error   npm run
2025-07-24T06:53:14: 2025-07-24T06:53:14: npm error A complete log of this run can be found in: /home/gacel/.npm/_logs/2025-07-24T06_53_14_807Z-debug-0.log
2025-07-24T06:53:15: npm error Missing script: "start"
npm error
npm error Did you mean one of these?
npm error   npm star # Mark your favorite packages
npm error   npm stars # View packages marked as favorites
npm error
npm error To see a list of scripts, run:
npm error   npm run
2025-07-24T06:53:15: 2025-07-24T06:53:15: npm error A complete log of this run can be found in: /home/gacel/.npm/_logs/2025-07-24T06_53_15_087Z-debug-0.log
2025-07-24T06:53:15: npm error Missing script: "start"
npm error
npm error Did you mean one of these?
npm error   npm star # Mark your favorite packages
npm error   npm stars # View packages marked as favorites
npm error
npm error To see a list of scripts, run:
npm error   npm run
2025-07-24T06:53:15: 2025-07-24T06:53:15: npm error A complete log of this run can be found in: /home/gacel/.npm/_logs/2025-07-24T06_53_15_378Z-debug-0.log
2025-07-24T06:53:15: npm error Missing script: "start"
npm error
npm error Did you mean one of these?
npm error   npm star # Mark your favorite packages
npm error   npm stars # View packages marked as favorites
npm error
npm error To see a list of scripts, run:
npm error   npm run
2025-07-24T06:53:15: 2025-07-24T06:53:16: npm error Missing script: "start"
npm error
npm error Did you mean one of these?
npm error   npm star # Mark your favorite packages
npm error   npm stars # View packages marked as favorites
npm error
npm error To see a list of scripts, run:
npm error   npm run
2025-07-24T06:53:16: 2025-07-24T06:53:16: npm error A complete log of this run can be found in: /home/gacel/.npm/_logs/2025-07-24T06_53_15_962Z-debug-0.log
2025-07-24T06:53:16: npm error Missing script: "start"
npm error
npm error Did you mean one of these?
npm error   npm star # Mark your favorite packages
npm error   npm stars # View packages marked as favorites
npm error
npm error To see a list of scripts, run:
npm error   npm run
2025-07-24T06:53:16: 2025-07-24T06:53:16: npm error A complete log of this run can be found in: /home/gacel/.npm/_logs/2025-07-24T06_53_16_248Z-debug-0.log
2025-07-24T06:53:16: npm error Missing script: "start"
npm error
npm error Did you mean one of these?
npm error   npm star # Mark your favorite packages
npm error   npm stars # View packages marked as favorites
npm error
npm error To see a list of scripts, run:
npm error   npm run
2025-07-24T06:53:16: 2025-07-24T06:53:16: npm error A complete log of this run can be found in: /home/gacel/.npm/_logs/2025-07-24T06_53_16_536Z-debug-0.log
2025-07-24T06:53:16: npm error Missing script: "start"
npm error
npm error Did you mean one of these?
npm error   npm star # Mark your favorite packages
npm error   npm stars # View packages marked as favorites
npm error
npm error To see a list of scripts, run:
npm error   npm run
2025-07-24T06:53:16: 2025-07-24T06:53:16: npm error A complete log of this run can be found in: /home/gacel/.npm/_logs/2025-07-24T06_53_16_821Z-debug-0.log
2025-07-24T06:53:17: npm error Missing script: "start"
npm error
npm error Did you mean one of these?
npm error   npm star # Mark your favorite packages
npm error   npm stars # View packages marked as favorites
npm error
npm error To see a list of scripts, run:
npm error   npm run
2025-07-24T06:53:17: 2025-07-24T06:53:17: npm error A complete log of this run can be found in: /home/gacel/.npm/_logs/2025-07-24T06_53_17_108Z-debug-0.log
2025-07-24T06:53:17: npm error Missing script: "start"
npm error
npm error Did you mean one of these?
npm error   npm star # Mark your favorite packages
npm error   npm stars # View packages marked as favorites
npm error
npm error To see a list of scripts, run:
npm error   npm run
2025-07-24T06:53:17: 2025-07-24T06:53:17: npm error A complete log of this run can be found in: /home/gacel/.npm/_logs/2025-07-24T06_53_17_421Z-debug-0.log
2025-07-24T06:53:17: npm error Missing script: "start"
npm error
npm error Did you mean one of these?
npm error   npm star # Mark your favorite packages
npm error   npm stars # View packages marked as favorites
npm error
npm error To see a list of scripts, run:
npm error   npm run
2025-07-24T06:53:17: 2025-07-24T06:53:17: npm error A complete log of this run can be found in: /home/gacel/.npm/_logs/2025-07-24T06_53_17_709Z-debug-0.log
