sh: 1: react-scripts: not found
sh: 1: react-scripts: not found
sh: 1: react-scripts: not found
sh: 1: react-scripts: not found
sh: 1: react-scripts: not found
sh: 1: react-scripts: not found
sh: 1: react-scripts: not found
sh: 1: react-scripts: not found
sh: 1: react-scripts: not found
sh: 1: react-scripts: not found
sh: 1: react-scripts: not found
sh: 1: react-scripts: not found
sh: 1: react-scripts: not found
sh: 1: react-scripts: not found
sh: 1: react-scripts: not found
sh: 1: react-scripts: not found
sh: 1: react-scripts: not found
sh: 1: react-scripts: not found
sh: 1: react-scripts: not found
sh: 1: react-scripts: not found
sh: 1: react-scripts: not found
sh: 1: react-scripts: not found
sh: 1: react-scripts: not found
sh: 1: react-scripts: not found
sh: 1: react-scripts: not found
sh: 1: react-scripts: not found
sh: 1: react-scripts: not found
sh: 1: react-scripts: not found
sh: 1: react-scripts: not found
sh: 1: react-scripts: not found
sh: 1: react-scripts: not found
sh: 1: react-scripts: not found
sh: 1: react-scripts: not found
sh: 1: react-scripts: not found
sh: 1: react-scripts: not found
sh: 1: react-scripts: not found
sh: 1: react-scripts: not found
sh: 1: react-scripts: not found
sh: 1: react-scripts: not found
sh: 1: react-scripts: not found
sh: 1: react-scripts: not found
sh: 1: react-scripts: not found
sh: 1: react-scripts: not found
sh: 1: react-scripts: not found
sh: 1: react-scripts: not found
2025-07-18T14:39:41: sh: 1: 
2025-07-18T14:39:41: react-scripts: not found
2025-07-18T14:39:41: 
2025-07-18T14:39:42: sh: 1: 
2025-07-18T14:39:42: react-scripts: not found
2025-07-18T14:39:42: 
2025-07-18T14:39:42: sh: 1: 
2025-07-18T14:39:42: react-scripts: not found
2025-07-18T14:39:42: sh: 1: react-scripts: not found
2025-07-18T14:39:43: sh: 1: 
2025-07-18T14:39:43: react-scripts: not found
2025-07-18T14:39:43: 
2025-07-18T14:39:43: sh: 1: 
2025-07-18T14:39:43: react-scripts: not found
2025-07-18T14:39:43: 
2025-07-18T14:39:44: sh: 1: 
2025-07-18T14:39:44: react-scripts: not found
2025-07-18T14:39:44: 
2025-07-18T14:39:44: sh: 1: react-scripts: not found
2025-07-18T14:39:44: sh: 1: react-scripts: not found
2025-07-18T14:39:45: sh: 1: react-scripts: not found
2025-07-18T14:39:45: sh: 1: react-scripts: not found
2025-07-18T14:39:45: sh: 1: react-scripts: not found
2025-07-18T14:39:45: sh: 1: 
2025-07-18T14:39:45: react-scripts: not found
2025-07-18T14:39:45: 
2025-07-18T14:39:46: sh: 1: 
2025-07-18T14:39:46: react-scripts: not found
2025-07-18T14:39:46: 
2025-07-18T14:39:46: sh: 1: react-scripts: not found
sh: 1: react-scripts: not found
sh: 1: react-scripts: not found
sh: 1: react-scripts: not found
sh: 1: react-scripts: not found
sh: 1: react-scripts: not found
sh: 1: react-scripts: not found
sh: 1: react-scripts: not found
sh: 1: react-scripts: not found
sh: 1: react-scripts: not found
sh: 1: react-scripts: not found
sh: 1: react-scripts: not found
sh: 1: react-scripts: not found
sh: 1: react-scripts: not found
sh: 1: react-scripts: not found
sh: 1: react-scripts: not found
sh: 1: react-scripts: not found
sh: 1: react-scripts: not found
sh: 1: react-scripts: not found
sh: 1: react-scripts: not found
sh: 1: react-scripts: not found
sh: 1: react-scripts: not found
sh: 1: react-scripts: not found
sh: 1: react-scripts: not found
sh: 1: react-scripts: not found
sh: 1: react-scripts: not found
sh: 1: react-scripts: not found
sh: 1: react-scripts: not found
sh: 1: react-scripts: not found
sh: 1: react-scripts: not found
sh: 1: react-scripts: not found
sh: 1: react-scripts: not found
sh: 1: react-scripts: not found
sh: 1: react-scripts: not found
sh: 1: react-scripts: not found
sh: 1: react-scripts: not found
sh: 1: react-scripts: not found
sh: 1: react-scripts: not found
sh: 1: react-scripts: not found
sh: 1: react-scripts: not found
sh: 1: react-scripts: not found
sh: 1: react-scripts: not found
sh: 1: react-scripts: not found
sh: 1: react-scripts: not found
sh: 1: react-scripts: not found
sh: 1: react-scripts: not found
sh: 1: react-scripts: not found
sh: 1: react-scripts: not found
sh: 1: react-scripts: not found
sh: 1: react-scripts: not found
sh: 1: react-scripts: not found
sh: 1: react-scripts: not found
sh: 1: react-scripts: not found
sh: 1: react-scripts: not found
sh: 1: react-scripts: not found
sh: 1: react-scripts: not found
sh: 1: react-scripts: not found
sh: 1: react-scripts: not found
sh: 1: react-scripts: not found
sh: 1: react-scripts: not found
sh: 1: react-scripts: not found
sh: 1: react-scripts: not found
sh: 1: react-scripts: not found
sh: 1: react-scripts: not found
sh: 1: react-scripts: not found
sh: 1: react-scripts: not found
sh: 1: react-scripts: not found
sh: 1: react-scripts: not found
sh: 1: react-scripts: not found
sh: 1: react-scripts: not found
sh: 1: react-scripts: not found
sh: 1: react-scripts: not found
sh: 1: react-scripts: not found
sh: 1: react-scripts: not found
sh: 1: react-scripts: not found
sh: 1: react-scripts: not found
sh: 1: react-scripts: not found
sh: 1: react-scripts: not found
sh: 1: react-scripts: not found
sh: 1: react-scripts: not found
sh: 1: react-scripts: not found
sh: 1: react-scripts: not found
sh: 1: react-scripts: not found
sh: 1: react-scripts: not found
sh: 1: react-scripts: not found
sh: 1: react-scripts: not found
sh: 1: react-scripts: not found
sh: 1: react-scripts: not found
sh: 1: react-scripts: not found
sh: 1: react-scripts: not found
sh: 1: react-scripts: not found
sh: 1: react-scripts: not found
sh: 1: react-scripts: not found
sh: 1: react-scripts: not found
sh: 1: react-scripts: not found
sh: 1: react-scripts: not found
sh: 1: react-scripts: not found
sh: 1: react-scripts: not found
sh: 1: react-scripts: not found
sh: 1: react-scripts: not found
sh: 1: react-scripts: not found
sh: 1: react-scripts: not found
sh: 1: react-scripts: not found
sh: 1: react-scripts: not found
sh: 1: react-scripts: not found
sh: 1: react-scripts: not found
sh: 1: react-scripts: not found
sh: 1: react-scripts: not found
sh: 1: react-scripts: not found
sh: 1: react-scripts: not found
sh: 1: react-scripts: not found
sh: 1: react-scripts: not found
sh: 1: react-scripts: not found
sh: 1: react-scripts: not found
sh: 1: react-scripts: not found
sh: 1: react-scripts: not found
sh: 1: react-scripts: not found
sh: 1: react-scripts: not found
sh: 1: react-scripts: not found
sh: 1: react-scripts: not found
sh: 1: react-scripts: not found
sh: 1: react-scripts: not found
sh: 1: react-scripts: not found
sh: 1: react-scripts: not found
sh: 1: react-scripts: not found
sh: 1: react-scripts: not found
sh: 1: react-scripts: not found
sh: 1: react-scripts: not found
sh: 1: react-scripts: not found
sh: 1: react-scripts: not found
sh: 1: react-scripts: not found
sh: 1: react-scripts: not found
sh: 1: react-scripts: not found
sh: 1: react-scripts: not found
sh: 1: react-scripts: not found
sh: 1: react-scripts: not found
sh: 1: react-scripts: not found
sh: 1: react-scripts: not found
sh: 1: react-scripts: not found
sh: 1: react-scripts: not found
sh: 1: react-scripts: not found
sh: 1: react-scripts: not found
sh: 1: react-scripts: not found
sh: 1: react-scripts: not found
sh: 1: react-scripts: not found
sh: 1: react-scripts: not found
sh: 1: react-scripts: not found
sh: 1: react-scripts: not found
sh: 1: react-scripts: not found
sh: 1: react-scripts: not found
sh: 1: react-scripts: not found
sh: 1: react-scripts: not found
sh: 1: react-scripts: not found
sh: 1: react-scripts: not found
sh: 1: react-scripts: not found
sh: 1: react-scripts: not found
sh: 1: react-scripts: not found
sh: 1: react-scripts: not found
sh: 1: react-scripts: not found
sh: 1: react-scripts: not found
sh: 1: react-scripts: not found
sh: 1: react-scripts: not found
sh: 1: react-scripts: not found
sh: 1: react-scripts: not found
sh: 1: react-scripts: not found
sh: 1: react-scripts: not found
sh: 1: react-scripts: not found
sh: 1: react-scripts: not found
sh: 1: react-scripts: not found
sh: 1: react-scripts: not found
sh: 1: react-scripts: not found
sh: 1: react-scripts: not found
sh: 1: react-scripts: not found
sh: 1: react-scripts: not found
sh: 1: react-scripts: not found
sh: 1: react-scripts: not found
sh: 1: react-scripts: not found
sh: 1: react-scripts: not found
sh: 1: react-scripts: not found
sh: 1: react-scripts: not found
sh: 1: react-scripts: not found
sh: 1: react-scripts: not found
sh: 1: react-scripts: not found
sh: 1: react-scripts: not found
sh: 1: react-scripts: not found
sh: 1: react-scripts: not found
sh: 1: react-scripts: not found
sh: 1: react-scripts: not found
sh: 1: react-scripts: not found
sh: 1: react-scripts: not found
sh: 1: react-scripts: not found
sh: 1: react-scripts: not found
sh: 1: react-scripts: not found
sh: 1: react-scripts: not found
sh: 1: react-scripts: not found
sh: 1: react-scripts: not found
sh: 1: react-scripts: not found
sh: 1: react-scripts: not found
sh: 1: react-scripts: not found
sh: 1: react-scripts: not found
sh: 1: react-scripts: not found
sh: 1: react-scripts: not found
sh: 1: react-scripts: not found
sh: 1: react-scripts: not found
sh: 1: react-scripts: not found
sh: 1: react-scripts: not found
sh: 1: react-scripts: not found
sh: 1: react-scripts: not found
sh: 1: react-scripts: not found
sh: 1: react-scripts: not found
sh: 1: react-scripts: not found
sh: 1: react-scripts: not found
sh: 1: react-scripts: not found
sh: 1: react-scripts: not found
sh: 1: react-scripts: not found
sh: 1: react-scripts: not found
sh: 1: react-scripts: not found
sh: 1: react-scripts: not found
sh: 1: react-scripts: not found
sh: 1: react-scripts: not found
sh: 1: react-scripts: not found
sh: 1: react-scripts: not found
sh: 1: react-scripts: not found
sh: 1: react-scripts: not found
sh: 1: react-scripts: not found
sh: 1: react-scripts: not found
sh: 1: react-scripts: not found
sh: 1: react-scripts: not found
sh: 1: react-scripts: not found
sh: 1: react-scripts: not found
sh: 1: react-scripts: not found
sh: 1: react-scripts: not found
sh: 1: react-scripts: not found
sh: 1: react-scripts: not found
sh: 1: react-scripts: not found
sh: 1: react-scripts: not found
sh: 1: react-scripts: not found
sh: 1: react-scripts: not found
sh: 1: react-scripts: not found
sh: 1: react-scripts: not found
sh: 1: react-scripts: not found
sh: 1: react-scripts: not found
sh: 1: react-scripts: not found
sh: 1: react-scripts: not found
sh: 1: react-scripts: not found
sh: 1: react-scripts: not found
sh: 1: react-scripts: not found
sh: 1: react-scripts: not found
sh: 1: react-scripts: not found
sh: 1: react-scripts: not found
sh: 1: react-scripts: not found
sh: 1: react-scripts: not found
sh: 1: react-scripts: not found
sh: 1: react-scripts: not found
sh: 1: react-scripts: not found
sh: 1: react-scripts: not found
sh: 1: react-scripts: not found
sh: 1: react-scripts: not found
sh: 1: react-scripts: not found
sh: 1: react-scripts: not found
sh: 1: react-scripts: not found
sh: 1: react-scripts: not found
sh: 1: react-scripts: not found
sh: 1: react-scripts: not found
sh: 1: react-scripts: not found
sh: 1: react-scripts: not found
sh: 1: react-scripts: not found
sh: 1: react-scripts: not found
sh: 1: react-scripts: not found
sh: 1: react-scripts: not found
sh: 1: react-scripts: not found
sh: 1: react-scripts: not found
sh: 1: react-scripts: not found
sh: 1: react-scripts: not found
sh: 1: react-scripts: not found
sh: 1: react-scripts: not found
sh: 1: react-scripts: not found
sh: 1: react-scripts: not found
sh: 1: react-scripts: not found
sh: 1: react-scripts: not found
sh: 1: react-scripts: not found
sh: 1: react-scripts: not found
sh: 1: react-scripts: not found
sh: 1: react-scripts: not found
sh: 1: react-scripts: not found
sh: 1: react-scripts: not found
sh: 1: react-scripts: not found
sh: 1: react-scripts: not found
sh: 1: react-scripts: not found
sh: 1: react-scripts: not found
sh: 1: react-scripts: not found
sh: 1: react-scripts: not found
sh: 1: react-scripts: not found
sh: 1: react-scripts: not found
sh: 1: react-scripts: not found
sh: 1: react-scripts: not found
sh: 1: react-scripts: not found
sh: 1: react-scripts: not found
sh: 1: react-scripts: not found
sh: 1: react-scripts: not found
sh: 1: react-scripts: not found
sh: 1: react-scripts: not found
sh: 1: react-scripts: not found
sh: 1: react-scripts: not found
sh: 1: react-scripts: not found
sh: 1: react-scripts: not found
sh: 1: react-scripts: not found
sh: 1: react-scripts: not found
sh: 1: react-scripts: not found
sh: 1: react-scripts: not found
sh: 1: react-scripts: not found
sh: 1: react-scripts: not found
sh: 1: react-scripts: not found
sh: 1: react-scripts: not found
sh: 1: react-scripts: not found
sh: 1: react-scripts: not found
sh: 1: react-scripts: not found
sh: 1: react-scripts: not found
sh: 1: react-scripts: not found
sh: 1: react-scripts: not found
sh: 1: react-scripts: not found
sh: 1: react-scripts: not found
sh: 1: react-scripts: not found
sh: 1: react-scripts: not found
sh: 1: react-scripts: not found
sh: 1: react-scripts: not found
sh: 1: react-scripts: not found
sh: 1: react-scripts: not found
sh: 1: react-scripts: not found
sh: 1: react-scripts: not found
sh: 1: react-scripts: not found
sh: 1: react-scripts: not found
sh: 1: react-scripts: not found
sh: 1: react-scripts: not found
sh: 1: react-scripts: not found
sh: 1: react-scripts: not found
sh: 1: react-scripts: not found
sh: 1: react-scripts: not found
sh: 1: react-scripts: not found
sh: 1: react-scripts: not found
sh: 1: react-scripts: not found
sh: 1: react-scripts: not found
sh: 1: react-scripts: not found
sh: 1: react-scripts: not found
sh: 1: react-scripts: not found
sh: 1: react-scripts: not found
sh: 1: react-scripts: not found
sh: 1: react-scripts: not found
sh: 1: react-scripts: not found
sh: 1: react-scripts: not found
sh: 1: react-scripts: not found
sh: 1: react-scripts: not found
sh: 1: react-scripts: not found
sh: 1: react-scripts: not found
sh: 1: react-scripts: not found
sh: 1: react-scripts: not found
sh: 1: react-scripts: not found
sh: 1: react-scripts: not found
sh: 1: react-scripts: not found
sh: 1: react-scripts: not found
sh: 1: react-scripts: not found
sh: 1: react-scripts: not found
sh: 1: react-scripts: not found
sh: 1: react-scripts: not found
sh: 1: react-scripts: not found
sh: 1: react-scripts: not found
sh: 1: react-scripts: not found
sh: 1: react-scripts: not found
sh: 1: react-scripts: not found
sh: 1: react-scripts: not found
sh: 1: react-scripts: not found
(node:1083) [DEP_WEBPACK_DEV_SERVER_ON_AFTER_SETUP_MIDDLEWARE] DeprecationWarning: 'onAfterSetupMiddleware' option is deprecated. Please use the 'setupMiddlewares' option.
(Use `node --trace-deprecation ...` to show where the warning was created)
(node:1083) [DEP_WEBPACK_DEV_SERVER_ON_BEFORE_SETUP_MIDDLEWARE] DeprecationWarning: 'onBeforeSetupMiddleware' option is deprecated. Please use the 'setupMiddlewares' option.
2025-07-19T00:16:57: (node:1904) [DEP_WEBPACK_DEV_SERVER_ON_AFTER_SETUP_MIDDLEWARE] DeprecationWarning: 'onAfterSetupMiddleware' option is deprecated. Please use the 'setupMiddlewares' option.
2025-07-19T00:16:57: (Use `node --trace-deprecation ...` to show where the warning was created)
2025-07-19T00:16:57: (node:1904) [DEP_WEBPACK_DEV_SERVER_ON_BEFORE_SETUP_MIDDLEWARE] DeprecationWarning: 'onBeforeSetupMiddleware' option is deprecated. Please use the 'setupMiddlewares' option.
2025-07-19T00:17:51: (node:4487) [DEP_WEBPACK_DEV_SERVER_ON_AFTER_SETUP_MIDDLEWARE] DeprecationWarning: 'onAfterSetupMiddleware' option is deprecated. Please use the 'setupMiddlewares' option.
2025-07-19T00:17:51: (Use `node --trace-deprecation ...` to show where the warning was created)
2025-07-19T00:17:51: (node:4487) [DEP_WEBPACK_DEV_SERVER_ON_BEFORE_SETUP_MIDDLEWARE] DeprecationWarning: 'onBeforeSetupMiddleware' option is deprecated. Please use the 'setupMiddlewares' option.
2025-07-19T00:18:47: (node:4762) [DEP_WEBPACK_DEV_SERVER_ON_AFTER_SETUP_MIDDLEWARE] DeprecationWarning: 'onAfterSetupMiddleware' option is deprecated. Please use the 'setupMiddlewares' option.
2025-07-19T00:18:47: (Use `node --trace-deprecation ...` to show where the warning was created)
2025-07-19T00:18:47: (node:4762) [DEP_WEBPACK_DEV_SERVER_ON_BEFORE_SETUP_MIDDLEWARE] DeprecationWarning: 'onBeforeSetupMiddleware' option is deprecated. Please use the 'setupMiddlewares' option.
(node:1059) [DEP_WEBPACK_DEV_SERVER_ON_AFTER_SETUP_MIDDLEWARE] DeprecationWarning: 'onAfterSetupMiddleware' option is deprecated. Please use the 'setupMiddlewares' option.
(Use `node --trace-deprecation ...` to show where the warning was created)
(node:1059) [DEP_WEBPACK_DEV_SERVER_ON_BEFORE_SETUP_MIDDLEWARE] DeprecationWarning: 'onBeforeSetupMiddleware' option is deprecated. Please use the 'setupMiddlewares' option.
2025-07-19T00:52:24: (node:4224) [DEP_WEBPACK_DEV_SERVER_ON_AFTER_SETUP_MIDDLEWARE] DeprecationWarning: 'onAfterSetupMiddleware' option is deprecated. Please use the 'setupMiddlewares' option.
2025-07-19T00:52:24: (Use `node --trace-deprecation ...` to show where the warning was created)
2025-07-19T00:52:24: (node:4224) [DEP_WEBPACK_DEV_SERVER_ON_BEFORE_SETUP_MIDDLEWARE] DeprecationWarning: 'onBeforeSetupMiddleware' option is deprecated. Please use the 'setupMiddlewares' option.
2025-07-19T00:52:56: (node:4315) [DEP_WEBPACK_DEV_SERVER_ON_AFTER_SETUP_MIDDLEWARE] DeprecationWarning: 'onAfterSetupMiddleware' option is deprecated. Please use the 'setupMiddlewares' option.
2025-07-19T00:52:56: (Use `node --trace-deprecation ...` to show where the warning was created)
2025-07-19T00:52:56: (node:4315) [DEP_WEBPACK_DEV_SERVER_ON_BEFORE_SETUP_MIDDLEWARE] DeprecationWarning: 'onBeforeSetupMiddleware' option is deprecated. Please use the 'setupMiddlewares' option.
2025-07-19T00:54:57: Killed
2025-07-19T00:54:58: (node:4541) [DEP_WEBPACK_DEV_SERVER_ON_AFTER_SETUP_MIDDLEWARE] DeprecationWarning: 'onAfterSetupMiddleware' option is deprecated. Please use the 'setupMiddlewares' option.
2025-07-19T00:54:58: (Use `node --trace-deprecation ...` to show where the warning was created)
2025-07-19T00:54:58: (node:4541) [DEP_WEBPACK_DEV_SERVER_ON_BEFORE_SETUP_MIDDLEWARE] DeprecationWarning: 'onBeforeSetupMiddleware' option is deprecated. Please use the 'setupMiddlewares' option.
